<?xml version="1.0" encoding="UTF-8"?>
<testng-results ignored="0" total="1" passed="1" failed="0" skipped="0">
  <reporter-output>
  </reporter-output>
  <suite started-at="2023-11-04T14:34:05 IST" name="Default suite" finished-at="2023-11-04T14:34:31 IST" duration-ms="25471">
    <groups>
    </groups>
    <test started-at="2023-11-04T14:34:05 IST" name="Default test" finished-at="2023-11-04T14:34:31 IST" duration-ms="25471">
      <class name="login.TC_01_Test">
        <test-method is-config="true" signature="launchingBrowserAndNavigateToApp()[pri:0, instance:login.TC_01_Test@55634720]" started-at="2023-11-04T14:34:06 IST" name="launchingBrowserAndNavigateToApp" finished-at="2023-11-04T14:34:26 IST" duration-ms="20396" status="PASS">
          <reporter-output>
          </reporter-output>
        </test-method> <!-- launchingBrowserAndNavigateToApp -->
        <test-method is-config="true" signature="loginToApplication()[pri:0, instance:login.TC_01_Test@55634720]" started-at="2023-11-04T14:34:26 IST" name="loginToApplication" finished-at="2023-11-04T14:34:26 IST" duration-ms="35" status="PASS">
          <reporter-output>
          </reporter-output>
        </test-method> <!-- loginToApplication -->
        <test-method signature="launchingFlipkart()[pri:0, instance:login.TC_01_Test@55634720]" started-at="2023-11-04T14:34:26 IST" name="launchingFlipkart" finished-at="2023-11-04T14:34:30 IST" duration-ms="4083" status="PASS">
          <reporter-output>
          </reporter-output>
        </test-method> <!-- launchingFlipkart -->
        <test-method is-config="true" signature="logoutFromApplication()[pri:0, instance:login.TC_01_Test@55634720]" started-at="2023-11-04T14:34:30 IST" name="logoutFromApplication" finished-at="2023-11-04T14:34:30 IST" duration-ms="0" status="PASS">
          <reporter-output>
          </reporter-output>
        </test-method> <!-- logoutFromApplication -->
        <test-method is-config="true" signature="teardownTheBrowser()[pri:0, instance:login.TC_01_Test@55634720]" started-at="2023-11-04T14:34:30 IST" name="teardownTheBrowser" finished-at="2023-11-04T14:34:31 IST" duration-ms="583" status="PASS">
          <reporter-output>
          </reporter-output>
        </test-method> <!-- teardownTheBrowser -->
      </class> <!-- login.TC_01_Test -->
    </test> <!-- Default test -->
  </suite> <!-- Default suite -->
</testng-results>
